[dotenv@17.2.2] injecting env (8) from .env.local -- tip: ⚙️  enable debug logging with { debug: true }
======================================================================
COMPREHENSIVE EXHIBIT 96.1 DOCUMENT CRAWLER
======================================================================
Finding ALL ex961.htm documents across the web
Using multiple approaches for exhaustive coverage
======================================================================

🗑️  Clearing old data...

📌 Starting with 2 known documents

🔍 APPROACH 3: Parsing Known Documents
==================================================

   Parsing: https://www.sec.gov/Archives/edgar/data/1966983/000119312525002534/d909276dex961.htm
      Company: SGS Canada Inc. Sawtooth Mining, LLC NewFields EXP U.S. Services Inc
      Project: Location
      Commodities: lithium, copper, gold, uranium, nickel, zinc, lead
      Metrics: NPV=true, IRR=true, CAPEX=true

   Parsing: https://www.sec.gov/Archives/edgar/data/1375205/000165495424002673/urg_ex961.htm
      Company: EMC  Energy Metals Corp
      Project: by Each Qualified Person
      Commodities: gold, uranium, lead
      Metrics: NPV=true, IRR=true, CAPEX=true

🔍 APPROACH 1: Web Search via Firecrawl
==================================================

   Searching: "site:sec.gov "ex961.htm""
      ✅ Found: https://accounts.google.com/ServiceLogin?hl=en&passive=true&continue=https://www.google.com/search%3Fq%3Dsite%253Asec.gov%2520%2522ex961.htm%2522%26num%3D100%26sei%3DnYrdaOyIINjdptQPnbPKgAk&ec=futura_srp_og_si_72236_p

   Searching: "site:sec.gov "ex96-1.htm""
      ✅ Found: https://www.google.com/sorry/index?continue=https://www.google.com/search%3Fq%3Dsite%253Asec.gov%2520%2522ex96-1.htm%2522%26num%3D100%26sei%3DpIrdaJaIDPXQ2roPhNXksQY&q=EgTY9-qVGKWV9sYGIjDdDwm4ntHKWmF-2ckhiN01tSyjlSynw8P1ZEDrL4ZOMRldD9eGcF9e5PLIn3-s0DkyAVJaAUM#

   Searching: "site:sec.gov "exhibit 96.1" filetype:htm"

   Searching: ""ex961.htm" mining technical report"

   Searching: ""exhibit 96.1" "technical report summary" filetype:htm"

   Searching: "inurl:ex961.htm site:sec.gov"
      ✅ Found: https://accounts.google.com/ServiceLogin?hl=en&passive=true&continue=https://www.google.com/search%3Fq%3Dinurl%253Aex961.htm%2520site%253Asec.gov%26num%3D100%26sei%3DvIrdaKjtFJKdptQPwYiYyAI&ec=futura_srp_og_si_72236_p

   Searching: "inurl:ex96-1.htm site:sec.gov"
      ✅ Found: https://www.google.com/search?q=inurl%3Aex96-1.htm%20site%3Asec.gov&num=100#

   Found 4 via web search

🔍 APPROACH 2: Direct SEC EDGAR Scanning
==================================================

   Checking CIK 0001966983...

   Checking CIK 0001375205...

   Checking CIK 0001589526...

   Checking CIK 0001841890...

   Checking CIK 0001590955...

   Checking CIK 0000027419...

   Checking CIK 0000764065...

   Checking CIK 0001164727...

   Checking CIK 0000861878...

   Checking CIK 0001376793...

   Checking CIK 0001709164...

   Checking CIK 0001720014...

   Checking CIK 0001022671...

   Checking CIK 0000315293...

   Checking CIK 0001651625...

   Checking CIK 0001798562...

   Checking CIK 0001633917...

   Checking CIK 0001849796...

   Checking CIK 0001866757...

   Checking CIK 0001910918...

   Checking CIK 0001807846...

   Found 0 via SEC scanning

🔍 APPROACH 4: SEC Full-Text Search
==================================================

   Searching for: "exhibit 96.1"

   Searching for: "technical report summary"

   Searching for: "SK-1300"

   Searching for: "ex961.htm"

   Found 0 via full-text search

💾 Saving to Database
==================================================
   ✅ Saved: https://www.sec.gov/Archives/edgar/data/1966983/000119312525002534/d909276dex961.htm
   ✅ Saved: https://www.sec.gov/Archives/edgar/data/1375205/000165495424002673/urg_ex961.htm
   ✅ Saved: https://accounts.google.com/ServiceLogin?hl=en&passive=true&continue=https://www.google.com/search%3Fq%3Dsite%253Asec.gov%2520%2522ex961.htm%2522%26num%3D100%26sei%3DnYrdaOyIINjdptQPnbPKgAk&ec=futura_srp_og_si_72236_p
   ✅ Saved: https://www.google.com/sorry/index?continue=https://www.google.com/search%3Fq%3Dsite%253Asec.gov%2520%2522ex96-1.htm%2522%26num%3D100%26sei%3DpIrdaJaIDPXQ2roPhNXksQY&q=EgTY9-qVGKWV9sYGIjDdDwm4ntHKWmF-2ckhiN01tSyjlSynw8P1ZEDrL4ZOMRldD9eGcF9e5PLIn3-s0DkyAVJaAUM#
   ✅ Saved: https://accounts.google.com/ServiceLogin?hl=en&passive=true&continue=https://www.google.com/search%3Fq%3Dinurl%253Aex961.htm%2520site%253Asec.gov%26num%3D100%26sei%3DvIrdaKjtFJKdptQPwYiYyAI&ec=futura_srp_og_si_72236_p
   ✅ Saved: https://www.google.com/search?q=inurl%3Aex96-1.htm%20site%3Asec.gov&num=100#

======================================================================
CRAWLING COMPLETE
======================================================================
Total unique Exhibit 96.1 documents found: 6
Successfully saved to database: 6

📊 Database now contains: 0 documents

✅ Ready for parsing to extract:
   • NPV, IRR, Payback Period
   • CAPEX, OPEX, AISC
   • Reserves & Resources
   • Mine Life, Production Rates
======================================================================
